f:\vsc++\project1c++01\project1c++01\debug\vc141.pdb
f:\vsc++\project1c++01\project1c++01\debug\vc141.idb
f:\vsc++\project1c++01\project1c++01\debug\func08.obj
f:\vsc++\project1c++01\project1c++01\debug\c++07函数.obj
f:\vsc++\project1c++01\project1c++01\debug\c++06二维数组.obj
f:\vsc++\project1c++01\project1c++01\debug\c++05.obj
f:\vsc++\project1c++01\project1c++01\debug\c++04.obj
f:\vsc++\project1c++01\project1c++01\debug\c++03.obj
f:\vsc++\project1c++01\project1c++01\debug\c++02.obj
f:\vsc++\project1c++01\project1c++01\debug\c++01.obj
f:\vsc++\project1c++01\debug\project1c++01.ilk
f:\vsc++\project1c++01\debug\project1c++01.exe
f:\vsc++\project1c++01\debug\project1c++01.pdb
f:\vsc++\project1c++01\project1c++01\debug\c++07函数.obj.enc
f:\vsc++\project1c++01\project1c++01\debug\project1c++01.tlog\cl.command.1.tlog
f:\vsc++\project1c++01\project1c++01\debug\project1c++01.tlog\cl.read.1.tlog
f:\vsc++\project1c++01\project1c++01\debug\project1c++01.tlog\cl.write.1.tlog
f:\vsc++\project1c++01\project1c++01\debug\project1c++01.tlog\link.command.1.tlog
f:\vsc++\project1c++01\project1c++01\debug\project1c++01.tlog\link.read.1.tlog
f:\vsc++\project1c++01\project1c++01\debug\project1c++01.tlog\link.write.1.tlog
